emitter/build/intermediates/manifest_merge_blame_file/debug/manifest-merger-blame-debug-report.txt
1<?xml version="1.0" encoding="utf-8"?>
2<manifest xmlns:android="http://schemas.android.com/apk/res/android"
3    xmlns:dist="http://schemas.android.com/apk/distribution"
4    package="yello.emitter"
5    android:installLocation="auto"
6    android:versionCode="1"
7    android:versionName="1.0" >
8
9    <uses-sdk
10        android:minSdkVersion="17"
10-->src\main\AndroidManifest.xml
11        android:targetSdkVersion="30" />
11-->src\main\AndroidManifest.xml
12
13    <dist:module dist:instant="true" />
13-->src\main\AndroidManifest.xml:8:5-40
13-->src\main\AndroidManifest.xml:8:18-37
14
15    <uses-permission android:name="android.permission.ACCESS_NETWORK_STATE" />
15-->src\main\AndroidManifest.xml:10:5-79
15-->src\main\AndroidManifest.xml:10:22-76
16    <uses-permission android:name="android.permission.CHANGE_NETWORK_STATE" />
16-->src\main\AndroidManifest.xml:11:5-79
16-->src\main\AndroidManifest.xml:11:22-76
17    <uses-permission android:name="android.permission.ACCESS_WIFI_STATE" />
17-->src\main\AndroidManifest.xml:12:5-76
17-->src\main\AndroidManifest.xml:12:22-73
18    <uses-permission android:name="android.permission.CHANGE_WIFI_MULTICAST_STATE" />
18-->src\main\AndroidManifest.xml:13:5-86
18-->src\main\AndroidManifest.xml:13:22-83
19    <uses-permission android:name="android.permission.INTERNET" />
19-->src\main\AndroidManifest.xml:14:5-67
19-->src\main\AndroidManifest.xml:14:22-64
20    <uses-permission android:name="android.permission.SYSTEM_ALERT_WINDOW" />
20-->src\main\AndroidManifest.xml:15:5-78
20-->src\main\AndroidManifest.xml:15:22-75
21    <uses-permission android:name="android.permission.RECEIVE_BOOT_COMPLETED" />
21-->src\main\AndroidManifest.xml:16:5-81
21-->src\main\AndroidManifest.xml:16:22-78
22
23    <uses-feature
23-->src\main\AndroidManifest.xml:18:5-20:36
24        android:name="android.hardware.wifi"
24-->src\main\AndroidManifest.xml:19:9-45
25        android:required="false" />
25-->src\main\AndroidManifest.xml:20:9-33
26    <uses-feature
26-->src\main\AndroidManifest.xml:21:5-23:36
27        android:name="android.hardware.screen.PORTRAIT"
27-->src\main\AndroidManifest.xml:22:9-56
28        android:required="false" />
28-->src\main\AndroidManifest.xml:23:9-33
29
30    <supports-screens
30-->src\main\AndroidManifest.xml:25:5-31:40
31        android:anyDensity="true"
31-->src\main\AndroidManifest.xml:26:9-34
32        android:largeScreens="true"
32-->src\main\AndroidManifest.xml:27:9-36
33        android:normalScreens="true"
33-->src\main\AndroidManifest.xml:28:9-37
34        android:resizeable="true"
34-->src\main\AndroidManifest.xml:29:9-34
35        android:smallScreens="true"
35-->src\main\AndroidManifest.xml:30:9-36
36        android:xlargeScreens="true" />
36-->src\main\AndroidManifest.xml:31:9-37
37
38    <uses-permission android:name="android.permission.WAKE_LOCK" /> <!-- Required by older versions of Google Play services to create IID tokens -->
38-->[com.google.firebase:firebase-messaging:22.0.0] AndroidManifest.xml:23:5-68
38-->[com.google.firebase:firebase-messaging:22.0.0] AndroidManifest.xml:23:22-65
39    <uses-permission android:name="com.google.android.c2dm.permission.RECEIVE" />
39-->[com.google.firebase:firebase-messaging:22.0.0] AndroidManifest.xml:25:5-82
39-->[com.google.firebase:firebase-messaging:22.0.0] AndroidManifest.xml:25:22-79
40
41    <application
42        android:name="yello.emitter.MyApplication"
42-->src\main\AndroidManifest.xml:34:9-38
43        android:allowBackup="false"
43-->src\main\AndroidManifest.xml:35:9-36
44        android:appComponentFactory="androidx.core.app.CoreComponentFactory"
44-->[androidx.core:core:1.5.0] AndroidManifest.xml:24:18-86
45        android:debuggable="true"
46        android:hardwareAccelerated="true"
46-->src\main\AndroidManifest.xml:36:9-43
47        android:icon="@mipmap/splash_logo"
47-->src\main\AndroidManifest.xml:37:9-43
48        android:label="@string/app_name"
48-->src\main\AndroidManifest.xml:38:9-41
49        android:largeHeap="true"
49-->src\main\AndroidManifest.xml:39:9-33
50        android:requestLegacyExternalStorage="true"
50-->src\main\AndroidManifest.xml:40:9-52
51        android:roundIcon="@mipmap/splash_logo_round"
51-->src\main\AndroidManifest.xml:41:9-54
52        android:supportsRtl="false"
52-->src\main\AndroidManifest.xml:42:9-36
53        android:testOnly="true"
54        android:theme="@style/Theme.YelloTask"
54-->src\main\AndroidManifest.xml:43:9-47
55        android:usesCleartextTraffic="true" >
55-->src\main\AndroidManifest.xml:44:9-63
56        <activity
56-->src\main\AndroidManifest.xml:46:9-58:20
57            android:name="yello.emitter.ui.activity.splash.SplashActivity"
57-->src\main\AndroidManifest.xml:47:13-62
58            android:configChanges="density|keyboard|keyboardHidden|orientation|screenSize|locale|layoutDirection"
58-->src\main\AndroidManifest.xml:48:13-114
59            android:hardwareAccelerated="true"
59-->src\main\AndroidManifest.xml:49:13-47
60            android:label="@string/app_name"
60-->src\main\AndroidManifest.xml:50:13-45
61            android:launchMode="singleTop"
61-->src\main\AndroidManifest.xml:51:13-43
62            android:theme="@style/AppTheme.FullScreen.LightScreen" >
62-->src\main\AndroidManifest.xml:52:13-67
63            <intent-filter>
63-->src\main\AndroidManifest.xml:53:13-57:29
64                <action android:name="android.intent.action.MAIN" />
64-->src\main\AndroidManifest.xml:54:17-69
64-->src\main\AndroidManifest.xml:54:25-66
65
66                <category android:name="android.intent.category.LAUNCHER" />
66-->src\main\AndroidManifest.xml:56:17-77
66-->src\main\AndroidManifest.xml:56:27-74
67            </intent-filter>
68        </activity>
69        <activity
69-->src\main\AndroidManifest.xml:60:9-66:71
70            android:name="yello.emitter.ui.activity.main.MainActivity"
70-->src\main\AndroidManifest.xml:61:13-58
71            android:configChanges="density|keyboard|keyboardHidden|orientation|screenSize|locale|layoutDirection"
71-->src\main\AndroidManifest.xml:62:13-114
72            android:hardwareAccelerated="true"
72-->src\main\AndroidManifest.xml:63:13-47
73            android:label="@string/app_name"
73-->src\main\AndroidManifest.xml:64:13-45
74            android:launchMode="singleTop"
74-->src\main\AndroidManifest.xml:65:13-43
75            android:theme="@style/AppTheme.NoActionBar.LightScreen" />
75-->src\main\AndroidManifest.xml:66:13-68
76
77        <receiver
77-->src\main\AndroidManifest.xml:68:9-74:20
78            android:name="yello.emitter.MiddleManBroadcastReceiver"
78-->src\main\AndroidManifest.xml:68:19-61
79            android:enabled="true"
79-->src\main\AndroidManifest.xml:69:13-35
80            android:exported="true" >
80-->src\main\AndroidManifest.xml:70:13-36
81            <intent-filter>
81-->src\main\AndroidManifest.xml:71:13-73:29
82                <action android:name="receiveFromMiddleMan" />
82-->src\main\AndroidManifest.xml:72:17-63
82-->src\main\AndroidManifest.xml:72:25-60
83            </intent-filter>
84        </receiver>
85        <receiver
85-->[com.google.firebase:firebase-messaging:22.0.0] AndroidManifest.xml:28:9-35:20
86            android:name="com.google.firebase.iid.FirebaseInstanceIdReceiver"
86-->[com.google.firebase:firebase-messaging:22.0.0] AndroidManifest.xml:29:13-78
87            android:exported="true"
87-->[com.google.firebase:firebase-messaging:22.0.0] AndroidManifest.xml:30:13-36
88            android:permission="com.google.android.c2dm.permission.SEND" >
88-->[com.google.firebase:firebase-messaging:22.0.0] AndroidManifest.xml:31:13-73
89            <intent-filter>
89-->[com.google.firebase:firebase-messaging:22.0.0] AndroidManifest.xml:32:13-34:29
90                <action android:name="com.google.android.c2dm.intent.RECEIVE" />
90-->[com.google.firebase:firebase-messaging:22.0.0] AndroidManifest.xml:33:17-81
90-->[com.google.firebase:firebase-messaging:22.0.0] AndroidManifest.xml:33:25-78
91            </intent-filter>
92        </receiver>
93        <!--
94             FirebaseMessagingService performs security checks at runtime,
95             but set to not exported to explicitly avoid allowing another app to call it.
96        -->
97        <service
97-->[com.google.firebase:firebase-messaging:22.0.0] AndroidManifest.xml:41:9-48:19
98            android:name="com.google.firebase.messaging.FirebaseMessagingService"
98-->[com.google.firebase:firebase-messaging:22.0.0] AndroidManifest.xml:42:13-82
99            android:directBootAware="true"
99-->[com.google.firebase:firebase-messaging:22.0.0] AndroidManifest.xml:43:13-43
100            android:exported="false" >
100-->[com.google.firebase:firebase-messaging:22.0.0] AndroidManifest.xml:44:13-37
101            <intent-filter android:priority="-500" >
101-->[com.google.firebase:firebase-messaging:22.0.0] AndroidManifest.xml:45:13-47:29
101-->[com.google.firebase:firebase-messaging:22.0.0] AndroidManifest.xml:45:28-51
102                <action android:name="com.google.firebase.MESSAGING_EVENT" />
102-->[com.google.firebase:firebase-messaging:22.0.0] AndroidManifest.xml:46:17-78
102-->[com.google.firebase:firebase-messaging:22.0.0] AndroidManifest.xml:46:25-75
103            </intent-filter>
104        </service>
105        <service
105-->[com.google.firebase:firebase-messaging:22.0.0] AndroidManifest.xml:49:9-55:19
106            android:name="com.google.firebase.components.ComponentDiscoveryService"
106-->[com.google.firebase:firebase-messaging:22.0.0] AndroidManifest.xml:50:13-84
107            android:directBootAware="true"
107-->[com.google.firebase:firebase-common:20.0.0] AndroidManifest.xml:35:13-43
108            android:exported="false" >
108-->[com.google.firebase:firebase-messaging:22.0.0] AndroidManifest.xml:51:13-37
109            <meta-data
109-->[com.google.firebase:firebase-messaging:22.0.0] AndroidManifest.xml:52:13-54:85
110                android:name="com.google.firebase.components:com.google.firebase.messaging.FirebaseMessagingRegistrar"
110-->[com.google.firebase:firebase-messaging:22.0.0] AndroidManifest.xml:53:17-119
111                android:value="com.google.firebase.components.ComponentRegistrar" />
111-->[com.google.firebase:firebase-messaging:22.0.0] AndroidManifest.xml:54:17-82
112            <meta-data
112-->[com.google.firebase:firebase-datatransport:18.0.0] AndroidManifest.xml:28:13-30:85
113                android:name="com.google.firebase.components:com.google.firebase.datatransport.TransportRegistrar"
113-->[com.google.firebase:firebase-datatransport:18.0.0] AndroidManifest.xml:29:17-115
114                android:value="com.google.firebase.components.ComponentRegistrar" />
114-->[com.google.firebase:firebase-datatransport:18.0.0] AndroidManifest.xml:30:17-82
115            <meta-data
115-->[com.google.firebase:firebase-installations:17.0.0] AndroidManifest.xml:18:13-20:85
116                android:name="com.google.firebase.components:com.google.firebase.installations.FirebaseInstallationsRegistrar"
116-->[com.google.firebase:firebase-installations:17.0.0] AndroidManifest.xml:19:17-127
117                android:value="com.google.firebase.components.ComponentRegistrar" />
117-->[com.google.firebase:firebase-installations:17.0.0] AndroidManifest.xml:20:17-82
118        </service>
119
120        <provider
120-->[com.google.firebase:firebase-common:20.0.0] AndroidManifest.xml:26:9-31:39
121            android:name="com.google.firebase.provider.FirebaseInitProvider"
121-->[com.google.firebase:firebase-common:20.0.0] AndroidManifest.xml:27:13-77
122            android:authorities="yello.emitter.firebaseinitprovider"
122-->[com.google.firebase:firebase-common:20.0.0] AndroidManifest.xml:28:13-72
123            android:directBootAware="true"
123-->[com.google.firebase:firebase-common:20.0.0] AndroidManifest.xml:29:13-43
124            android:exported="false"
124-->[com.google.firebase:firebase-common:20.0.0] AndroidManifest.xml:30:13-37
125            android:initOrder="100" />
125-->[com.google.firebase:firebase-common:20.0.0] AndroidManifest.xml:31:13-36
126
127        <meta-data
127-->[com.google.android.gms:play-services-basement:17.0.0] AndroidManifest.xml:23:9-25:69
128            android:name="com.google.android.gms.version"
128-->[com.google.android.gms:play-services-basement:17.0.0] AndroidManifest.xml:24:13-58
129            android:value="@integer/google_play_services_version" />
129-->[com.google.android.gms:play-services-basement:17.0.0] AndroidManifest.xml:25:13-66
130
131        <provider
131-->[androidx.lifecycle:lifecycle-process:2.2.0] AndroidManifest.xml:25:9-29:43
132            android:name="androidx.lifecycle.ProcessLifecycleOwnerInitializer"
132-->[androidx.lifecycle:lifecycle-process:2.2.0] AndroidManifest.xml:26:13-79
133            android:authorities="yello.emitter.lifecycle-process"
133-->[androidx.lifecycle:lifecycle-process:2.2.0] AndroidManifest.xml:27:13-69
134            android:exported="false"
134-->[androidx.lifecycle:lifecycle-process:2.2.0] AndroidManifest.xml:28:13-37
135            android:multiprocess="true" />
135-->[androidx.lifecycle:lifecycle-process:2.2.0] AndroidManifest.xml:29:13-40
136
137        <service
137-->[androidx.room:room-runtime:2.3.0] AndroidManifest.xml:25:9-28:40
138            android:name="androidx.room.MultiInstanceInvalidationService"
138-->[androidx.room:room-runtime:2.3.0] AndroidManifest.xml:26:13-74
139            android:directBootAware="true"
139-->[androidx.room:room-runtime:2.3.0] AndroidManifest.xml:27:13-43
140            android:exported="false" />
140-->[androidx.room:room-runtime:2.3.0] AndroidManifest.xml:28:13-37
141        <service
141-->[com.google.android.datatransport:transport-backend-cct:3.0.0] AndroidManifest.xml:29:9-35:19
142            android:name="com.google.android.datatransport.runtime.backends.TransportBackendDiscovery"
142-->[com.google.android.datatransport:transport-backend-cct:3.0.0] AndroidManifest.xml:30:13-103
143            android:exported="false" >
143-->[com.google.android.datatransport:transport-backend-cct:3.0.0] AndroidManifest.xml:31:13-37
144            <meta-data
144-->[com.google.android.datatransport:transport-backend-cct:3.0.0] AndroidManifest.xml:32:13-34:39
145                android:name="backend:com.google.android.datatransport.cct.CctBackendFactory"
145-->[com.google.android.datatransport:transport-backend-cct:3.0.0] AndroidManifest.xml:33:17-94
146                android:value="cct" />
146-->[com.google.android.datatransport:transport-backend-cct:3.0.0] AndroidManifest.xml:34:17-36
147        </service>
148        <service
148-->[com.google.android.datatransport:transport-runtime:3.0.0] AndroidManifest.xml:26:9-30:19
149            android:name="com.google.android.datatransport.runtime.scheduling.jobscheduling.JobInfoSchedulerService"
149-->[com.google.android.datatransport:transport-runtime:3.0.0] AndroidManifest.xml:27:13-117
150            android:exported="false"
150-->[com.google.android.datatransport:transport-runtime:3.0.0] AndroidManifest.xml:28:13-37
151            android:permission="android.permission.BIND_JOB_SERVICE" >
151-->[com.google.android.datatransport:transport-runtime:3.0.0] AndroidManifest.xml:29:13-69
152        </service>
153
154        <receiver
154-->[com.google.android.datatransport:transport-runtime:3.0.0] AndroidManifest.xml:32:9-34:40
155            android:name="com.google.android.datatransport.runtime.scheduling.jobscheduling.AlarmManagerSchedulerBroadcastReceiver"
155-->[com.google.android.datatransport:transport-runtime:3.0.0] AndroidManifest.xml:33:13-132
156            android:exported="false" />
156-->[com.google.android.datatransport:transport-runtime:3.0.0] AndroidManifest.xml:34:13-37
157    </application>
158
159</manifest>